INFO:root:Logging information
WARNING:root:Logging warnings 
ERROR:root:Logging errors
INFO:root:name 'course_details' is not defined
INFO:root:Logging information
WARNING:root:Logging warnings 
ERROR:root:Logging errors
INFO:root:'module' object is not callable
INFO:root:Logging information
WARNING:root:Logging warnings 
ERROR:root:Logging errors
INFO:root:'module' object is not callable
INFO:root:Logging information
WARNING:root:Logging warnings 
ERROR:root:Logging errors
INFO:root:'module' object is not callable
INFO:root:Logging information
WARNING:root:Logging warnings 
ERROR:root:Logging errors
INFO:root:'module' object is not callable
INFO:root:Logging information
WARNING:root:Logging warnings 
ERROR:root:Logging errors
INFO:root:'module' object is not callable
INFO:root:Logging information
WARNING:root:Logging warnings 
ERROR:root:Logging errors
INFO:root:'module' object is not callable
INFO:root:Logging information
WARNING:root:Logging warnings 
ERROR:root:Logging errors
INFO:root:'module' object is not callable
INFO:root:Logging information
WARNING:root:Logging warnings 
ERROR:root:Logging errors
INFO:root:'module' object is not callable
INFO:root:Logging information
WARNING:root:Logging warnings 
ERROR:root:Logging errors
INFO:root:module 'course_details' has no attribute 'collection'
INFO:root:Logging information
WARNING:root:Logging warnings 
ERROR:root:Logging errors
INFO:root:module 'course_details' has no attribute 'collection'
INFO:root:Logging information
WARNING:root:Logging warnings 
ERROR:root:Logging errors
INFO:root:name 'collection' is not defined
INFO:root:Logging information
WARNING:root:Logging warnings 
ERROR:root:Logging errors
INFO:root:name 'collection' is not defined
INFO:root:Logging information
WARNING:root:Logging warnings 
ERROR:root:Logging errors
INFO:root:name 'collection' is not defined
INFO:root:Logging information
WARNING:root:Logging warnings 
ERROR:root:Logging errors
INFO:root:name 'collection' is not defined
INFO:root:Logging information
WARNING:root:Logging warnings 
ERROR:root:Logging errors
INFO:root:name 'collection' is not defined
INFO:root:Logging information
WARNING:root:Logging warnings 
ERROR:root:Logging errors
INFO:root:name 'collection' is not defined
INFO:root:Logging information
WARNING:root:Logging warnings 
ERROR:root:Logging errors
INFO:root:Message: no such element: Unable to locate element: {"method":"css selector","selector":".Hero_course-desc__26_LL"}
  (Session info: chrome=101.0.4951.54)

INFO:root:local variable 'cd' referenced before assignment
INFO:root:Logging information
WARNING:root:Logging warnings 
ERROR:root:Logging errors
INFO:root:Message: no such element: Unable to locate element: {"method":"css selector","selector":".Hero_course-desc__26_LL"}
  (Session info: chrome=101.0.4951.54)

INFO:root:local variable 'cd' referenced before assignment
INFO:root:Logging information
WARNING:root:Logging warnings 
ERROR:root:Logging errors
INFO:root:Message: no such element: Unable to locate element: {"method":"css selector","selector":".Hero_course-desc__26_LL"}
  (Session info: chrome=101.0.4951.54)

INFO:root:local variable 'cd' referenced before assignment
